[INF] Succesfully opened models/cube.stl as STL model
[INF] Resolution: 552 x 164
[INF] Total frame time: 32 ms (of 41 for FPS cap)
[INF] 	Raster - 0 ms
[INF] 	Output - 32 ms
[INF] 	Wait   - 9 ms
[INF] Total triangles: 12
[INF] 	Culled - 10
[INF] 	Drawn  - 2
[INF] Resolution: 552 x 164
[INF] Total frame time: 23 ms (of 41 for FPS cap)
[INF] 	Raster - 0 ms
[INF] 	Output - 23 ms
[INF] 	Wait   - 18 ms
[INF] Total triangles: 12
[INF] 	Culled - 10
[INF] 	Drawn  - 2
[INF] Resolution: 552 x 164
[INF] Total frame time: 19 ms (of 41 for FPS cap)
[INF] 	Raster - 0 ms
[INF] 	Output - 19 ms
[INF] 	Wait   - 22 ms
[INF] Total triangles: 12
[INF] 	Culled - 10
[INF] 	Drawn  - 2
[INF] Resolution: 552 x 164
[INF] Total frame time: 24 ms (of 41 for FPS cap)
[INF] 	Raster - 0 ms
[INF] 	Output - 23 ms
[INF] 	Wait   - 17 ms
[INF] Total triangles: 12
[INF] 	Culled - 10
[INF] 	Drawn  - 2
[INF] Resolution: 552 x 164
[INF] Total frame time: 24 ms (of 41 for FPS cap)
[INF] 	Raster - 0 ms
[INF] 	Output - 23 ms
[INF] 	Wait   - 17 ms
[INF] Total triangles: 12
[INF] 	Culled - 10
[INF] 	Drawn  - 2
[INF] Resolution: 552 x 164
[INF] Total frame time: 19 ms (of 41 for FPS cap)
[INF] 	Raster - 0 ms
[INF] 	Output - 18 ms
[INF] 	Wait   - 22 ms
[INF] Total triangles: 12
[INF] 	Culled - 10
[INF] 	Drawn  - 2
[INF] Resolution: 552 x 164
[INF] Total frame time: 16 ms (of 41 for FPS cap)
[INF] 	Raster - 0 ms
[INF] 	Output - 16 ms
[INF] 	Wait   - 25 ms
[INF] Total triangles: 12
[INF] 	Culled - 10
[INF] 	Drawn  - 2
[INF] Resolution: 552 x 164
[INF] Total frame time: 21 ms (of 41 for FPS cap)
[INF] 	Raster - 0 ms
[INF] 	Output - 21 ms
[INF] 	Wait   - 20 ms
[INF] Total triangles: 12
[INF] 	Culled - 10
[INF] 	Drawn  - 2
[INF] Resolution: 552 x 164
[INF] Total frame time: 24 ms (of 41 for FPS cap)
[INF] 	Raster - 0 ms
[INF] 	Output - 23 ms
[INF] 	Wait   - 17 ms
[INF] Total triangles: 12
[INF] 	Culled - 8
[INF] 	Drawn  - 4
[INF] Resolution: 552 x 164
[INF] Total frame time: 33 ms (of 41 for FPS cap)
[INF] 	Raster - 0 ms
[INF] 	Output - 33 ms
[INF] 	Wait   - 8 ms
[INF] Total triangles: 12
[INF] 	Culled - 8
[INF] 	Drawn  - 4
[INF] Resolution: 552 x 164
[INF] Total frame time: 2 ms (of 41 for FPS cap)
[INF] 	Raster - 0 ms
[INF] 	Output - 2 ms
[INF] 	Wait   - 39 ms
[INF] Total triangles: 12
[INF] 	Culled - 8
[INF] 	Drawn  - 4
[INF] Resolution: 552 x 164
[INF] Total frame time: 28 ms (of 41 for FPS cap)
[INF] 	Raster - 0 ms
[INF] 	Output - 27 ms
[INF] 	Wait   - 13 ms
[INF] Total triangles: 12
[INF] 	Culled - 8
[INF] 	Drawn  - 4
[INF] Resolution: 552 x 164
[INF] Total frame time: 3 ms (of 41 for FPS cap)
[INF] 	Raster - 0 ms
[INF] 	Output - 2 ms
[INF] 	Wait   - 38 ms
[INF] Total triangles: 12
[INF] 	Culled - 8
[INF] 	Drawn  - 4
[INF] Resolution: 552 x 164
[INF] Total frame time: 7 ms (of 41 for FPS cap)
[INF] 	Raster - 0 ms
[INF] 	Output - 7 ms
[INF] 	Wait   - 34 ms
[INF] Total triangles: 12
[INF] 	Culled - 8
[INF] 	Drawn  - 4
[INF] Resolution: 552 x 164
[INF] Total frame time: 7 ms (of 41 for FPS cap)
[INF] 	Raster - 0 ms
[INF] 	Output - 7 ms
[INF] 	Wait   - 34 ms
[INF] Total triangles: 12
[INF] 	Culled - 8
[INF] 	Drawn  - 4
[INF] Resolution: 552 x 164
[INF] Total frame time: 14 ms (of 41 for FPS cap)
[INF] 	Raster - 0 ms
[INF] 	Output - 14 ms
[INF] 	Wait   - 27 ms
[INF] Total triangles: 12
[INF] 	Culled - 8
[INF] 	Drawn  - 4
[INF] Resolution: 552 x 164
[INF] Total frame time: 15 ms (of 41 for FPS cap)
[INF] 	Raster - 0 ms
[INF] 	Output - 14 ms
[INF] 	Wait   - 26 ms
[INF] Total triangles: 12
[INF] 	Culled - 8
[INF] 	Drawn  - 4
[INF] Resolution: 552 x 164
[INF] Total frame time: 16 ms (of 41 for FPS cap)
[INF] 	Raster - 0 ms
[INF] 	Output - 15 ms
[INF] 	Wait   - 25 ms
[INF] Total triangles: 12
[INF] 	Culled - 8
[INF] 	Drawn  - 4
[INF] Resolution: 552 x 164
[INF] Total frame time: 19 ms (of 41 for FPS cap)
[INF] 	Raster - 0 ms
[INF] 	Output - 18 ms
[INF] 	Wait   - 22 ms
[INF] Total triangles: 12
[INF] 	Culled - 8
[INF] 	Drawn  - 4
[INF] Resolution: 552 x 164
[INF] Total frame time: 30 ms (of 41 for FPS cap)
[INF] 	Raster - 0 ms
[INF] 	Output - 29 ms
[INF] 	Wait   - 11 ms
[INF] Total triangles: 12
[INF] 	Culled - 8
[INF] 	Drawn  - 4
[INF] Resolution: 552 x 164
[INF] Total frame time: 6 ms (of 41 for FPS cap)
[INF] 	Raster - 0 ms
[INF] 	Output - 6 ms
[INF] 	Wait   - 35 ms
[INF] Total triangles: 12
[INF] 	Culled - 8
[INF] 	Drawn  - 4
[INF] Resolution: 552 x 164
[INF] Total frame time: 24 ms (of 41 for FPS cap)
[INF] 	Raster - 0 ms
[INF] 	Output - 23 ms
[INF] 	Wait   - 17 ms
[INF] Total triangles: 12
[INF] 	Culled - 8
[INF] 	Drawn  - 4
[INF] Resolution: 552 x 164
[INF] Total frame time: 18 ms (of 41 for FPS cap)
[INF] 	Raster - 0 ms
[INF] 	Output - 18 ms
[INF] 	Wait   - 23 ms
[INF] Total triangles: 12
[INF] 	Culled - 8
[INF] 	Drawn  - 4
[INF] Resolution: 552 x 164
[INF] Total frame time: 20 ms (of 41 for FPS cap)
[INF] 	Raster - 0 ms
[INF] 	Output - 20 ms
[INF] 	Wait   - 21 ms
[INF] Total triangles: 12
[INF] 	Culled - 8
[INF] 	Drawn  - 4
[INF] Resolution: 552 x 164
[INF] Total frame time: 27 ms (of 41 for FPS cap)
[INF] 	Raster - 0 ms
[INF] 	Output - 26 ms
[INF] 	Wait   - 14 ms
[INF] Total triangles: 12
[INF] 	Culled - 8
[INF] 	Drawn  - 4
[INF] Resolution: 552 x 164
[INF] Total frame time: 22 ms (of 41 for FPS cap)
[INF] 	Raster - 0 ms
[INF] 	Output - 22 ms
[INF] 	Wait   - 19 ms
[INF] Total triangles: 12
[INF] 	Culled - 8
[INF] 	Drawn  - 4
[INF] Resolution: 552 x 164
[INF] Total frame time: 23 ms (of 41 for FPS cap)
[INF] 	Raster - 0 ms
[INF] 	Output - 23 ms
[INF] 	Wait   - 18 ms
[INF] Total triangles: 12
[INF] 	Culled - 8
[INF] 	Drawn  - 4
[INF] Resolution: 552 x 164
[INF] Total frame time: 18 ms (of 41 for FPS cap)
[INF] 	Raster - 0 ms
[INF] 	Output - 18 ms
[INF] 	Wait   - 23 ms
[INF] Total triangles: 12
[INF] 	Culled - 8
[INF] 	Drawn  - 4
[INF] Resolution: 552 x 164
[INF] Total frame time: 21 ms (of 41 for FPS cap)
[INF] 	Raster - 0 ms
[INF] 	Output - 21 ms
[INF] 	Wait   - 20 ms
[INF] Total triangles: 12
[INF] 	Culled - 8
[INF] 	Drawn  - 4
[INF] Resolution: 552 x 164
[INF] Total frame time: 17 ms (of 41 for FPS cap)
[INF] 	Raster - 0 ms
[INF] 	Output - 17 ms
[INF] 	Wait   - 24 ms
[INF] Total triangles: 12
[INF] 	Culled - 8
[INF] 	Drawn  - 4
[INF] Resolution: 552 x 164
[INF] Total frame time: 27 ms (of 41 for FPS cap)
[INF] 	Raster - 0 ms
[INF] 	Output - 27 ms
[INF] 	Wait   - 14 ms
[INF] Total triangles: 12
[INF] 	Culled - 8
[INF] 	Drawn  - 4
[INF] Resolution: 552 x 164
[INF] Total frame time: 18 ms (of 41 for FPS cap)
[INF] 	Raster - 0 ms
[INF] 	Output - 18 ms
[INF] 	Wait   - 23 ms
[INF] Total triangles: 12
[INF] 	Culled - 8
[INF] 	Drawn  - 4
[INF] Resolution: 552 x 164
[INF] Total frame time: 19 ms (of 41 for FPS cap)
[INF] 	Raster - 0 ms
[INF] 	Output - 19 ms
[INF] 	Wait   - 22 ms
[INF] Total triangles: 12
[INF] 	Culled - 8
[INF] 	Drawn  - 4
[INF] Resolution: 552 x 164
[INF] Total frame time: 28 ms (of 41 for FPS cap)
[INF] 	Raster - 0 ms
[INF] 	Output - 27 ms
[INF] 	Wait   - 13 ms
[INF] Total triangles: 12
[INF] 	Culled - 8
[INF] 	Drawn  - 4
[INF] Resolution: 552 x 164
[INF] Total frame time: 16 ms (of 41 for FPS cap)
[INF] 	Raster - 0 ms
[INF] 	Output - 16 ms
[INF] 	Wait   - 25 ms
[INF] Total triangles: 12
[INF] 	Culled - 8
[INF] 	Drawn  - 4
[INF] Resolution: 552 x 164
[INF] Total frame time: 16 ms (of 41 for FPS cap)
[INF] 	Raster - 0 ms
[INF] 	Output - 16 ms
[INF] 	Wait   - 25 ms
[INF] Total triangles: 12
[INF] 	Culled - 8
[INF] 	Drawn  - 4
[INF] Resolution: 552 x 164
[INF] Total frame time: 28 ms (of 41 for FPS cap)
[INF] 	Raster - 0 ms
[INF] 	Output - 28 ms
[INF] 	Wait   - 13 ms
[INF] Total triangles: 12
[INF] 	Culled - 8
[INF] 	Drawn  - 4
[INF] Resolution: 552 x 164
[INF] Total frame time: 23 ms (of 41 for FPS cap)
[INF] 	Raster - 0 ms
[INF] 	Output - 23 ms
[INF] 	Wait   - 18 ms
[INF] Total triangles: 12
[INF] 	Culled - 8
[INF] 	Drawn  - 4
[INF] Resolution: 552 x 164
[INF] Total frame time: 21 ms (of 41 for FPS cap)
[INF] 	Raster - 0 ms
[INF] 	Output - 21 ms
[INF] 	Wait   - 20 ms
[INF] Total triangles: 12
[INF] 	Culled - 10
[INF] 	Drawn  - 2
[INF] Resolution: 552 x 164
[INF] Total frame time: 24 ms (of 41 for FPS cap)
[INF] 	Raster - 0 ms
[INF] 	Output - 23 ms
[INF] 	Wait   - 17 ms
[INF] Total triangles: 12
[INF] 	Culled - 10
[INF] 	Drawn  - 2
[INF] Resolution: 552 x 164
[INF] Total frame time: 19 ms (of 41 for FPS cap)
[INF] 	Raster - 0 ms
[INF] 	Output - 18 ms
[INF] 	Wait   - 22 ms
[INF] Total triangles: 12
[INF] 	Culled - 10
[INF] 	Drawn  - 2
[INF] Resolution: 552 x 164
[INF] Total frame time: 29 ms (of 41 for FPS cap)
[INF] 	Raster - 0 ms
[INF] 	Output - 29 ms
[INF] 	Wait   - 12 ms
[INF] Total triangles: 12
[INF] 	Culled - 10
[INF] 	Drawn  - 2
[INF] Resolution: 552 x 164
[INF] Total frame time: 18 ms (of 41 for FPS cap)
[INF] 	Raster - 0 ms
[INF] 	Output - 18 ms
[INF] 	Wait   - 23 ms
[INF] Total triangles: 12
[INF] 	Culled - 10
[INF] 	Drawn  - 2
[INF] Resolution: 552 x 164
[INF] Total frame time: 25 ms (of 41 for FPS cap)
[INF] 	Raster - 0 ms
[INF] 	Output - 24 ms
[INF] 	Wait   - 16 ms
[INF] Total triangles: 12
[INF] 	Culled - 10
[INF] 	Drawn  - 2
[INF] Resolution: 552 x 164
[INF] Total frame time: 19 ms (of 41 for FPS cap)
[INF] 	Raster - 0 ms
[INF] 	Output - 18 ms
[INF] 	Wait   - 22 ms
[INF] Total triangles: 12
[INF] 	Culled - 10
[INF] 	Drawn  - 2
[INF] Resolution: 552 x 164
[INF] Total frame time: 18 ms (of 41 for FPS cap)
[INF] 	Raster - 0 ms
[INF] 	Output - 18 ms
[INF] 	Wait   - 23 ms
[INF] Total triangles: 12
[INF] 	Culled - 10
[INF] 	Drawn  - 2
[INF] Resolution: 552 x 164
[INF] Total frame time: 21 ms (of 41 for FPS cap)
[INF] 	Raster - 0 ms
[INF] 	Output - 20 ms
[INF] 	Wait   - 20 ms
[INF] Total triangles: 12
[INF] 	Culled - 10
[INF] 	Drawn  - 2
[INF] Resolution: 552 x 164
[INF] Total frame time: 26 ms (of 41 for FPS cap)
[INF] 	Raster - 0 ms
[INF] 	Output - 25 ms
[INF] 	Wait   - 15 ms
[INF] Total triangles: 12
[INF] 	Culled - 10
[INF] 	Drawn  - 2
[INF] Resolution: 552 x 164
[INF] Total frame time: 21 ms (of 41 for FPS cap)
[INF] 	Raster - 0 ms
[INF] 	Output - 21 ms
[INF] 	Wait   - 20 ms
[INF] Total triangles: 12
[INF] 	Culled - 10
[INF] 	Drawn  - 2
[INF] Resolution: 552 x 164
[INF] Total frame time: 23 ms (of 41 for FPS cap)
[INF] 	Raster - 0 ms
[INF] 	Output - 23 ms
[INF] 	Wait   - 18 ms
[INF] Total triangles: 12
[INF] 	Culled - 10
[INF] 	Drawn  - 2
[INF] Resolution: 552 x 164
[INF] Total frame time: 23 ms (of 41 for FPS cap)
[INF] 	Raster - 0 ms
[INF] 	Output - 23 ms
[INF] 	Wait   - 18 ms
[INF] Total triangles: 12
[INF] 	Culled - 10
[INF] 	Drawn  - 2
[INF] Resolution: 552 x 164
[INF] Total frame time: 22 ms (of 41 for FPS cap)
[INF] 	Raster - 0 ms
[INF] 	Output - 21 ms
[INF] 	Wait   - 19 ms
[INF] Total triangles: 12
[INF] 	Culled - 10
[INF] 	Drawn  - 2
[INF] Resolution: 552 x 164
[INF] Total frame time: 25 ms (of 41 for FPS cap)
[INF] 	Raster - 0 ms
[INF] 	Output - 24 ms
[INF] 	Wait   - 16 ms
[INF] Total triangles: 12
[INF] 	Culled - 10
[INF] 	Drawn  - 2
[INF] Resolution: 552 x 164
[INF] Total frame time: 20 ms (of 41 for FPS cap)
[INF] 	Raster - 0 ms
[INF] 	Output - 20 ms
[INF] 	Wait   - 21 ms
[INF] Total triangles: 12
[INF] 	Culled - 8
[INF] 	Drawn  - 4
[INF] Resolution: 552 x 164
[INF] Total frame time: 3 ms (of 41 for FPS cap)
[INF] 	Raster - 0 ms
[INF] 	Output - 3 ms
[INF] 	Wait   - 38 ms
[INF] Total triangles: 12
[INF] 	Culled - 8
[INF] 	Drawn  - 4
[INF] Resolution: 552 x 164
[INF] Total frame time: 29 ms (of 41 for FPS cap)
[INF] 	Raster - 0 ms
[INF] 	Output - 28 ms
[INF] 	Wait   - 12 ms
[INF] Total triangles: 12
[INF] 	Culled - 8
[INF] 	Drawn  - 4
[INF] Resolution: 552 x 164
[INF] Total frame time: 4 ms (of 41 for FPS cap)
[INF] 	Raster - 0 ms
[INF] 	Output - 4 ms
[INF] 	Wait   - 37 ms
[INF] Total triangles: 12
[INF] 	Culled - 8
[INF] 	Drawn  - 4
[INF] Resolution: 552 x 164
[INF] Total frame time: 31 ms (of 41 for FPS cap)
[INF] 	Raster - 0 ms
[INF] 	Output - 31 ms
[INF] 	Wait   - 10 ms
[INF] Total triangles: 12
[INF] 	Culled - 8
[INF] 	Drawn  - 4
[INF] Resolution: 552 x 164
[INF] Total frame time: 2 ms (of 41 for FPS cap)
[INF] 	Raster - 0 ms
[INF] 	Output - 2 ms
[INF] 	Wait   - 39 ms
[INF] Total triangles: 12
[INF] 	Culled - 8
[INF] 	Drawn  - 4
[INF] Resolution: 552 x 164
[INF] Total frame time: 5 ms (of 41 for FPS cap)
[INF] 	Raster - 0 ms
[INF] 	Output - 4 ms
[INF] 	Wait   - 36 ms
[INF] Total triangles: 12
[INF] 	Culled - 8
[INF] 	Drawn  - 4
[INF] Resolution: 552 x 164
[INF] Total frame time: 2 ms (of 41 for FPS cap)
[INF] 	Raster - 0 ms
[INF] 	Output - 2 ms
[INF] 	Wait   - 39 ms
[INF] Total triangles: 12
[INF] 	Culled - 8
[INF] 	Drawn  - 4
[INF] Resolution: 552 x 164
[INF] Total frame time: 2 ms (of 41 for FPS cap)
[INF] 	Raster - 0 ms
[INF] 	Output - 2 ms
[INF] 	Wait   - 39 ms
[INF] Total triangles: 12
[INF] 	Culled - 8
[INF] 	Drawn  - 4
[INF] Resolution: 552 x 164
[INF] Total frame time: 3 ms (of 41 for FPS cap)
[INF] 	Raster - 0 ms
[INF] 	Output - 2 ms
[INF] 	Wait   - 38 ms
[INF] Total triangles: 12
[INF] 	Culled - 8
[INF] 	Drawn  - 4
[INF] Resolution: 552 x 164
[INF] Total frame time: 2 ms (of 41 for FPS cap)
[INF] 	Raster - 0 ms
[INF] 	Output - 1 ms
[INF] 	Wait   - 39 ms
[INF] Total triangles: 12
[INF] 	Culled - 8
[INF] 	Drawn  - 4
[INF] Resolution: 552 x 164
[INF] Total frame time: 9 ms (of 41 for FPS cap)
[INF] 	Raster - 0 ms
[INF] 	Output - 9 ms
[INF] 	Wait   - 32 ms
[INF] Total triangles: 12
[INF] 	Culled - 8
[INF] 	Drawn  - 4
[INF] Resolution: 552 x 164
[INF] Total frame time: 2 ms (of 41 for FPS cap)
[INF] 	Raster - 0 ms
[INF] 	Output - 2 ms
[INF] 	Wait   - 39 ms
[INF] Total triangles: 12
[INF] 	Culled - 8
[INF] 	Drawn  - 4
[INF] Resolution: 552 x 164
[INF] Total frame time: 10 ms (of 41 for FPS cap)
[INF] 	Raster - 0 ms
[INF] 	Output - 9 ms
[INF] 	Wait   - 31 ms
[INF] Total triangles: 12
[INF] 	Culled - 8
[INF] 	Drawn  - 4
[INF] Resolution: 552 x 164
[INF] Total frame time: 2 ms (of 41 for FPS cap)
[INF] 	Raster - 0 ms
[INF] 	Output - 1 ms
[INF] 	Wait   - 39 ms
[INF] Total triangles: 12
[INF] 	Culled - 8
[INF] 	Drawn  - 4
[INF] Resolution: 552 x 164
[INF] Total frame time: 16 ms (of 41 for FPS cap)
[INF] 	Raster - 0 ms
[INF] 	Output - 15 ms
[INF] 	Wait   - 25 ms
[INF] Total triangles: 12
[INF] 	Culled - 6
[INF] 	Drawn  - 6
[INF] Resolution: 552 x 164
[INF] Total frame time: 16 ms (of 41 for FPS cap)
[INF] 	Raster - 0 ms
[INF] 	Output - 16 ms
[INF] 	Wait   - 25 ms
[INF] Total triangles: 12
[INF] 	Culled - 6
[INF] 	Drawn  - 6
[INF] Resolution: 552 x 164
[INF] Total frame time: 18 ms (of 41 for FPS cap)
[INF] 	Raster - 0 ms
[INF] 	Output - 18 ms
[INF] 	Wait   - 23 ms
[INF] Total triangles: 12
[INF] 	Culled - 6
[INF] 	Drawn  - 6
[INF] Resolution: 552 x 164
[INF] Total frame time: 18 ms (of 41 for FPS cap)
[INF] 	Raster - 0 ms
[INF] 	Output - 18 ms
[INF] 	Wait   - 23 ms
[INF] Total triangles: 12
[INF] 	Culled - 6
[INF] 	Drawn  - 6
[INF] Resolution: 552 x 164
[INF] Total frame time: 28 ms (of 41 for FPS cap)
[INF] 	Raster - 0 ms
[INF] 	Output - 27 ms
[INF] 	Wait   - 13 ms
[INF] Total triangles: 12
[INF] 	Culled - 6
[INF] 	Drawn  - 6
[INF] Resolution: 552 x 164
[INF] Total frame time: 20 ms (of 41 for FPS cap)
[INF] 	Raster - 0 ms
[INF] 	Output - 20 ms
[INF] 	Wait   - 21 ms
[INF] Total triangles: 12
[INF] 	Culled - 6
[INF] 	Drawn  - 6
[INF] Resolution: 552 x 164
[INF] Total frame time: 21 ms (of 41 for FPS cap)
[INF] 	Raster - 0 ms
[INF] 	Output - 20 ms
[INF] 	Wait   - 20 ms
[INF] Total triangles: 12
[INF] 	Culled - 6
[INF] 	Drawn  - 6
[INF] Resolution: 552 x 164
[INF] Total frame time: 20 ms (of 41 for FPS cap)
[INF] 	Raster - 0 ms
[INF] 	Output - 20 ms
[INF] 	Wait   - 21 ms
[INF] Total triangles: 12
[INF] 	Culled - 6
[INF] 	Drawn  - 6
[INF] Resolution: 552 x 164
[INF] Total frame time: 25 ms (of 41 for FPS cap)
[INF] 	Raster - 0 ms
[INF] 	Output - 24 ms
[INF] 	Wait   - 16 ms
[INF] Total triangles: 12
[INF] 	Culled - 6
[INF] 	Drawn  - 6
[INF] Resolution: 552 x 164
[INF] Total frame time: 21 ms (of 41 for FPS cap)
[INF] 	Raster - 0 ms
[INF] 	Output - 21 ms
[INF] 	Wait   - 20 ms
[INF] Total triangles: 12
[INF] 	Culled - 6
[INF] 	Drawn  - 6
[INF] Resolution: 552 x 164
[INF] Total frame time: 21 ms (of 41 for FPS cap)
[INF] 	Raster - 0 ms
[INF] 	Output - 20 ms
[INF] 	Wait   - 20 ms
[INF] Total triangles: 12
[INF] 	Culled - 6
[INF] 	Drawn  - 6
[INF] Resolution: 552 x 164
[INF] Total frame time: 23 ms (of 41 for FPS cap)
[INF] 	Raster - 0 ms
[INF] 	Output - 23 ms
[INF] 	Wait   - 18 ms
[INF] Total triangles: 12
[INF] 	Culled - 6
[INF] 	Drawn  - 6
[INF] Resolution: 552 x 164
[INF] Total frame time: 28 ms (of 41 for FPS cap)
[INF] 	Raster - 0 ms
[INF] 	Output - 27 ms
[INF] 	Wait   - 13 ms
[INF] Total triangles: 12
[INF] 	Culled - 6
[INF] 	Drawn  - 6
[INF] Resolution: 552 x 164
[INF] Total frame time: 22 ms (of 41 for FPS cap)
[INF] 	Raster - 0 ms
[INF] 	Output - 21 ms
[INF] 	Wait   - 19 ms
[INF] Total triangles: 12
[INF] 	Culled - 6
[INF] 	Drawn  - 6
[INF] Resolution: 552 x 164
[INF] Total frame time: 21 ms (of 41 for FPS cap)
[INF] 	Raster - 0 ms
[INF] 	Output - 21 ms
[INF] 	Wait   - 20 ms
[INF] Total triangles: 12
[INF] 	Culled - 6
[INF] 	Drawn  - 6
[INF] Resolution: 552 x 164
[INF] Total frame time: 26 ms (of 41 for FPS cap)
[INF] 	Raster - 0 ms
[INF] 	Output - 25 ms
[INF] 	Wait   - 15 ms
[INF] Total triangles: 12
[INF] 	Culled - 6
[INF] 	Drawn  - 6
[INF] Resolution: 552 x 164
[INF] Total frame time: 24 ms (of 41 for FPS cap)
[INF] 	Raster - 0 ms
[INF] 	Output - 23 ms
[INF] 	Wait   - 17 ms
[INF] Total triangles: 12
[INF] 	Culled - 8
[INF] 	Drawn  - 4
[INF] Resolution: 552 x 164
[INF] Total frame time: 18 ms (of 41 for FPS cap)
[INF] 	Raster - 0 ms
[INF] 	Output - 17 ms
[INF] 	Wait   - 23 ms
[INF] Total triangles: 12
[INF] 	Culled - 8
[INF] 	Drawn  - 4
[INF] Resolution: 552 x 164
[INF] Total frame time: 28 ms (of 41 for FPS cap)
[INF] 	Raster - 0 ms
[INF] 	Output - 27 ms
[INF] 	Wait   - 13 ms
[INF] Total triangles: 12
[INF] 	Culled - 8
[INF] 	Drawn  - 4
[INF] Resolution: 552 x 164
[INF] Total frame time: 19 ms (of 41 for FPS cap)
[INF] 	Raster - 0 ms
[INF] 	Output - 18 ms
[INF] 	Wait   - 22 ms
[INF] Total triangles: 12
[INF] 	Culled - 8
[INF] 	Drawn  - 4
[INF] Resolution: 552 x 164
[INF] Total frame time: 18 ms (of 41 for FPS cap)
[INF] 	Raster - 0 ms
[INF] 	Output - 18 ms
[INF] 	Wait   - 23 ms
[INF] Total triangles: 12
[INF] 	Culled - 8
[INF] 	Drawn  - 4
[INF] Resolution: 552 x 164
[INF] Total frame time: 30 ms (of 41 for FPS cap)
[INF] 	Raster - 0 ms
[INF] 	Output - 29 ms
[INF] 	Wait   - 11 ms
[INF] Total triangles: 12
[INF] 	Culled - 8
[INF] 	Drawn  - 4
[INF] Resolution: 552 x 164
[INF] Total frame time: 22 ms (of 41 for FPS cap)
[INF] 	Raster - 0 ms
[INF] 	Output - 22 ms
[INF] 	Wait   - 19 ms
[INF] Total triangles: 12
[INF] 	Culled - 8
[INF] 	Drawn  - 4
[INF] Resolution: 552 x 164
[INF] Total frame time: 26 ms (of 41 for FPS cap)
[INF] 	Raster - 0 ms
[INF] 	Output - 25 ms
[INF] 	Wait   - 15 ms
[INF] Total triangles: 12
[INF] 	Culled - 8
[INF] 	Drawn  - 4
[INF] Resolution: 552 x 164
[INF] Total frame time: 26 ms (of 41 for FPS cap)
[INF] 	Raster - 0 ms
[INF] 	Output - 25 ms
[INF] 	Wait   - 15 ms
[INF] Total triangles: 12
[INF] 	Culled - 8
[INF] 	Drawn  - 4
[INF] Resolution: 552 x 164
[INF] Total frame time: 23 ms (of 41 for FPS cap)
[INF] 	Raster - 0 ms
[INF] 	Output - 23 ms
[INF] 	Wait   - 18 ms
[INF] Total triangles: 12
[INF] 	Culled - 8
[INF] 	Drawn  - 4
[INF] Resolution: 552 x 164
[INF] Total frame time: 10 ms (of 41 for FPS cap)
[INF] 	Raster - 0 ms
[INF] 	Output - 9 ms
[INF] 	Wait   - 31 ms
[INF] Total triangles: 12
[INF] 	Culled - 8
[INF] 	Drawn  - 4
[INF] Resolution: 552 x 164
[INF] Total frame time: 30 ms (of 41 for FPS cap)
[INF] 	Raster - 0 ms
[INF] 	Output - 29 ms
[INF] 	Wait   - 11 ms
[INF] Total triangles: 12
[INF] 	Culled - 8
[INF] 	Drawn  - 4
[INF] Resolution: 552 x 164
[INF] Total frame time: 10 ms (of 41 for FPS cap)
[INF] 	Raster - 0 ms
[INF] 	Output - 10 ms
[INF] 	Wait   - 31 ms
[INF] Total triangles: 12
[INF] 	Culled - 8
[INF] 	Drawn  - 4
[INF] Resolution: 552 x 164
[INF] Total frame time: 15 ms (of 41 for FPS cap)
[INF] 	Raster - 0 ms
[INF] 	Output - 15 ms
[INF] 	Wait   - 26 ms
[INF] Total triangles: 12
[INF] 	Culled - 8
[INF] 	Drawn  - 4
[INF] Resolution: 552 x 164
[INF] Total frame time: 23 ms (of 41 for FPS cap)
[INF] 	Raster - 0 ms
[INF] 	Output - 22 ms
[INF] 	Wait   - 18 ms
[INF] Total triangles: 12
[INF] 	Culled - 8
[INF] 	Drawn  - 4
[INF] Resolution: 552 x 164
[INF] Total frame time: 9 ms (of 41 for FPS cap)
[INF] 	Raster - 0 ms
[INF] 	Output - 9 ms
[INF] 	Wait   - 32 ms
[INF] Total triangles: 12
[INF] 	Culled - 6
[INF] 	Drawn  - 6
[INF] Resolution: 552 x 164
[INF] Total frame time: 21 ms (of 41 for FPS cap)
[INF] 	Raster - 0 ms
[INF] 	Output - 20 ms
[INF] 	Wait   - 20 ms
[INF] Total triangles: 12
[INF] 	Culled - 6
[INF] 	Drawn  - 6
[INF] Resolution: 552 x 164
[INF] Total frame time: 23 ms (of 41 for FPS cap)
[INF] 	Raster - 0 ms
[INF] 	Output - 22 ms
[INF] 	Wait   - 18 ms
[INF] Total triangles: 12
[INF] 	Culled - 6
[INF] 	Drawn  - 6
[INF] Resolution: 552 x 164
[INF] Total frame time: 30 ms (of 41 for FPS cap)
[INF] 	Raster - 0 ms
[INF] 	Output - 30 ms
[INF] 	Wait   - 11 ms
[INF] Total triangles: 12
[INF] 	Culled - 6
[INF] 	Drawn  - 6
[INF] Resolution: 552 x 164
[INF] Total frame time: 11 ms (of 41 for FPS cap)
[INF] 	Raster - 0 ms
[INF] 	Output - 11 ms
[INF] 	Wait   - 30 ms
[INF] Total triangles: 12
[INF] 	Culled - 6
[INF] 	Drawn  - 6
[INF] Resolution: 552 x 164
[INF] Total frame time: 27 ms (of 41 for FPS cap)
[INF] 	Raster - 0 ms
[INF] 	Output - 27 ms
[INF] 	Wait   - 14 ms
[INF] Total triangles: 12
[INF] 	Culled - 6
[INF] 	Drawn  - 6
[INF] Resolution: 552 x 164
[INF] Total frame time: 15 ms (of 41 for FPS cap)
[INF] 	Raster - 0 ms
[INF] 	Output - 15 ms
[INF] 	Wait   - 26 ms
[INF] Total triangles: 12
[INF] 	Culled - 6
[INF] 	Drawn  - 6
[INF] Resolution: 552 x 164
[INF] Total frame time: 29 ms (of 41 for FPS cap)
[INF] 	Raster - 0 ms
[INF] 	Output - 28 ms
[INF] 	Wait   - 12 ms
[INF] Total triangles: 12
[INF] 	Culled - 6
[INF] 	Drawn  - 6
[INF] Resolution: 552 x 164
[INF] Total frame time: 20 ms (of 41 for FPS cap)
[INF] 	Raster - 0 ms
[INF] 	Output - 20 ms
[INF] 	Wait   - 21 ms
[INF] Total triangles: 12
[INF] 	Culled - 6
[INF] 	Drawn  - 6
[INF] Resolution: 552 x 164
[INF] Total frame time: 23 ms (of 41 for FPS cap)
[INF] 	Raster - 0 ms
[INF] 	Output - 22 ms
[INF] 	Wait   - 18 ms
[INF] Total triangles: 12
[INF] 	Culled - 6
[INF] 	Drawn  - 6
[INF] Resolution: 552 x 164
[INF] Total frame time: 20 ms (of 41 for FPS cap)
[INF] 	Raster - 1 ms
[INF] 	Output - 19 ms
[INF] 	Wait   - 21 ms
[INF] Total triangles: 12
[INF] 	Culled - 6
[INF] 	Drawn  - 6
[INF] Resolution: 552 x 164
[INF] Total frame time: 24 ms (of 41 for FPS cap)
[INF] 	Raster - 0 ms
[INF] 	Output - 23 ms
[INF] 	Wait   - 17 ms
[INF] Total triangles: 12
[INF] 	Culled - 6
[INF] 	Drawn  - 6
[INF] Resolution: 552 x 164
[INF] Total frame time: 7 ms (of 41 for FPS cap)
[INF] 	Raster - 0 ms
[INF] 	Output - 7 ms
[INF] 	Wait   - 34 ms
[INF] Total triangles: 12
[INF] 	Culled - 6
[INF] 	Drawn  - 6
[INF] Resolution: 552 x 164
[INF] Total frame time: 11 ms (of 41 for FPS cap)
[INF] 	Raster - 0 ms
[INF] 	Output - 11 ms
[INF] 	Wait   - 30 ms
[INF] Total triangles: 12
[INF] 	Culled - 6
[INF] 	Drawn  - 6
[INF] Resolution: 552 x 164
[INF] Total frame time: 20 ms (of 41 for FPS cap)
[INF] 	Raster - 0 ms
[INF] 	Output - 20 ms
[INF] 	Wait   - 21 ms
[INF] Total triangles: 12
[INF] 	Culled - 6
[INF] 	Drawn  - 6
[INF] Resolution: 552 x 164
[INF] Total frame time: 22 ms (of 41 for FPS cap)
[INF] 	Raster - 0 ms
[INF] 	Output - 21 ms
[INF] 	Wait   - 19 ms
[INF] Total triangles: 12
[INF] 	Culled - 6
[INF] 	Drawn  - 6
[INF] Resolution: 552 x 164
[INF] Total frame time: 7 ms (of 41 for FPS cap)
[INF] 	Raster - 0 ms
[INF] 	Output - 6 ms
[INF] 	Wait   - 34 ms
[INF] Total triangles: 12
[INF] 	Culled - 6
[INF] 	Drawn  - 6
[INF] Resolution: 552 x 164
[INF] Total frame time: 17 ms (of 41 for FPS cap)
[INF] 	Raster - 0 ms
[INF] 	Output - 16 ms
[INF] 	Wait   - 24 ms
[INF] Total triangles: 12
[INF] 	Culled - 8
[INF] 	Drawn  - 4
[INF] Resolution: 552 x 164
[INF] Total frame time: 5 ms (of 41 for FPS cap)
[INF] 	Raster - 0 ms
[INF] 	Output - 4 ms
[INF] 	Wait   - 36 ms
[INF] Total triangles: 12
[INF] 	Culled - 8
[INF] 	Drawn  - 4
[INF] Resolution: 552 x 164
[INF] Total frame time: 18 ms (of 41 for FPS cap)
[INF] 	Raster - 0 ms
[INF] 	Output - 17 ms
[INF] 	Wait   - 23 ms
[INF] Total triangles: 12
[INF] 	Culled - 8
[INF] 	Drawn  - 4
[INF] Resolution: 552 x 164
[INF] Total frame time: 4 ms (of 41 for FPS cap)
[INF] 	Raster - 0 ms
[INF] 	Output - 4 ms
[INF] 	Wait   - 37 ms
[INF] Total triangles: 12
[INF] 	Culled - 8
[INF] 	Drawn  - 4
[INF] Resolution: 552 x 164
[INF] Total frame time: 19 ms (of 41 for FPS cap)
[INF] 	Raster - 0 ms
[INF] 	Output - 18 ms
[INF] 	Wait   - 22 ms
[INF] Total triangles: 12
[INF] 	Culled - 8
[INF] 	Drawn  - 4
[INF] Resolution: 552 x 164
[INF] Total frame time: 16 ms (of 41 for FPS cap)
[INF] 	Raster - 0 ms
[INF] 	Output - 15 ms
[INF] 	Wait   - 25 ms
[INF] Total triangles: 12
[INF] 	Culled - 8
[INF] 	Drawn  - 4
[INF] Resolution: 552 x 164
[INF] Total frame time: 26 ms (of 41 for FPS cap)
[INF] 	Raster - 0 ms
[INF] 	Output - 26 ms
[INF] 	Wait   - 15 ms
[INF] Total triangles: 12
[INF] 	Culled - 8
[INF] 	Drawn  - 4
[INF] Resolution: 552 x 164
[INF] Total frame time: 17 ms (of 41 for FPS cap)
[INF] 	Raster - 0 ms
[INF] 	Output - 16 ms
[INF] 	Wait   - 24 ms
[INF] Total triangles: 12
[INF] 	Culled - 8
[INF] 	Drawn  - 4
[INF] Resolution: 552 x 164
[INF] Total frame time: 17 ms (of 41 for FPS cap)
[INF] 	Raster - 0 ms
[INF] 	Output - 16 ms
[INF] 	Wait   - 24 ms
[INF] Total triangles: 12
[INF] 	Culled - 8
[INF] 	Drawn  - 4
[INF] Resolution: 552 x 164
[INF] Total frame time: 19 ms (of 41 for FPS cap)
[INF] 	Raster - 0 ms
[INF] 	Output - 18 ms
[INF] 	Wait   - 22 ms
[INF] Total triangles: 12
[INF] 	Culled - 8
[INF] 	Drawn  - 4
[INF] Resolution: 552 x 164
[INF] Total frame time: 26 ms (of 41 for FPS cap)
[INF] 	Raster - 0 ms
[INF] 	Output - 25 ms
[INF] 	Wait   - 15 ms
[INF] Total triangles: 12
[INF] 	Culled - 8
[INF] 	Drawn  - 4
[INF] Resolution: 552 x 164
[INF] Total frame time: 21 ms (of 41 for FPS cap)
[INF] 	Raster - 0 ms
[INF] 	Output - 20 ms
[INF] 	Wait   - 20 ms
[INF] Total triangles: 12
[INF] 	Culled - 8
[INF] 	Drawn  - 4
[INF] Resolution: 552 x 164
[INF] Total frame time: 24 ms (of 41 for FPS cap)
[INF] 	Raster - 0 ms
[INF] 	Output - 23 ms
[INF] 	Wait   - 17 ms
[INF] Total triangles: 12
[INF] 	Culled - 8
[INF] 	Drawn  - 4
[INF] Resolution: 552 x 164
[INF] Total frame time: 12 ms (of 41 for FPS cap)
[INF] 	Raster - 0 ms
[INF] 	Output - 12 ms
[INF] 	Wait   - 29 ms
[INF] Total triangles: 12
[INF] 	Culled - 8
[INF] 	Drawn  - 4
[INF] Resolution: 552 x 164
[INF] Total frame time: 21 ms (of 41 for FPS cap)
[INF] 	Raster - 0 ms
[INF] 	Output - 21 ms
[INF] 	Wait   - 20 ms
[INF] Total triangles: 12
[INF] 	Culled - 8
[INF] 	Drawn  - 4
[INF] Resolution: 552 x 164
[INF] Total frame time: 21 ms (of 41 for FPS cap)
[INF] 	Raster - 0 ms
[INF] 	Output - 20 ms
[INF] 	Wait   - 20 ms
[INF] Total triangles: 12
[INF] 	Culled - 6
[INF] 	Drawn  - 6
[INF] Resolution: 552 x 164
[INF] Total frame time: 29 ms (of 41 for FPS cap)
[INF] 	Raster - 0 ms
[INF] 	Output - 28 ms
[INF] 	Wait   - 12 ms
[INF] Total triangles: 12
[INF] 	Culled - 6
[INF] 	Drawn  - 6
[INF] Resolution: 552 x 164
[INF] Total frame time: 16 ms (of 41 for FPS cap)
[INF] 	Raster - 0 ms
[INF] 	Output - 16 ms
[INF] 	Wait   - 25 ms
[INF] Total triangles: 12
[INF] 	Culled - 6
[INF] 	Drawn  - 6
[INF] Resolution: 552 x 164
[INF] Total frame time: 30 ms (of 41 for FPS cap)
[INF] 	Raster - 0 ms
[INF] 	Output - 29 ms
[INF] 	Wait   - 11 ms
[INF] Total triangles: 12
[INF] 	Culled - 6
[INF] 	Drawn  - 6
[INF] Resolution: 552 x 164
[INF] Total frame time: 18 ms (of 41 for FPS cap)
[INF] 	Raster - 0 ms
[INF] 	Output - 17 ms
[INF] 	Wait   - 23 ms
[INF] Total triangles: 12
[INF] 	Culled - 6
[INF] 	Drawn  - 6
[INF] Resolution: 552 x 164
[INF] Total frame time: 30 ms (of 41 for FPS cap)
[INF] 	Raster - 0 ms
[INF] 	Output - 29 ms
[INF] 	Wait   - 11 ms
[INF] Total triangles: 12
[INF] 	Culled - 6
[INF] 	Drawn  - 6
[INF] Resolution: 552 x 164
[INF] Total frame time: 21 ms (of 41 for FPS cap)
[INF] 	Raster - 0 ms
[INF] 	Output - 21 ms
[INF] 	Wait   - 20 ms
[INF] Total triangles: 12
[INF] 	Culled - 6
[INF] 	Drawn  - 6
[INF] Resolution: 552 x 164
[INF] Total frame time: 14 ms (of 41 for FPS cap)
[INF] 	Raster - 0 ms
[INF] 	Output - 14 ms
[INF] 	Wait   - 27 ms
[INF] Total triangles: 12
[INF] 	Culled - 6
[INF] 	Drawn  - 6
[INF] Resolution: 552 x 164
[INF] Total frame time: 25 ms (of 41 for FPS cap)
[INF] 	Raster - 0 ms
[INF] 	Output - 24 ms
[INF] 	Wait   - 16 ms
[INF] Total triangles: 12
[INF] 	Culled - 6
[INF] 	Drawn  - 6
[INF] Resolution: 552 x 164
[INF] Total frame time: 15 ms (of 41 for FPS cap)
[INF] 	Raster - 0 ms
[INF] 	Output - 14 ms
[INF] 	Wait   - 26 ms
[INF] Total triangles: 12
[INF] 	Culled - 6
[INF] 	Drawn  - 6
[INF] Resolution: 552 x 164
[INF] Total frame time: 27 ms (of 41 for FPS cap)
[INF] 	Raster - 1 ms
[INF] 	Output - 26 ms
[INF] 	Wait   - 14 ms
[INF] Total triangles: 12
[INF] 	Culled - 6
[INF] 	Drawn  - 6
[INF] Resolution: 552 x 164
[INF] Total frame time: 15 ms (of 41 for FPS cap)
[INF] 	Raster - 0 ms
[INF] 	Output - 15 ms
[INF] 	Wait   - 26 ms
[INF] Total triangles: 12
[INF] 	Culled - 6
[INF] 	Drawn  - 6
[INF] Resolution: 552 x 164
[INF] Total frame time: 25 ms (of 41 for FPS cap)
[INF] 	Raster - 0 ms
[INF] 	Output - 24 ms
[INF] 	Wait   - 16 ms
[INF] Total triangles: 12
[INF] 	Culled - 6
[INF] 	Drawn  - 6
[INF] Resolution: 552 x 164
[INF] Total frame time: 23 ms (of 41 for FPS cap)
[INF] 	Raster - 0 ms
[INF] 	Output - 22 ms
[INF] 	Wait   - 18 ms
[INF] Total triangles: 12
[INF] 	Culled - 6
[INF] 	Drawn  - 6
[INF] Resolution: 552 x 164
[INF] Total frame time: 22 ms (of 41 for FPS cap)
[INF] 	Raster - 0 ms
[INF] 	Output - 21 ms
[INF] 	Wait   - 19 ms
[INF] Total triangles: 12
[INF] 	Culled - 6
[INF] 	Drawn  - 6
[INF] Resolution: 552 x 164
[INF] Total frame time: 26 ms (of 41 for FPS cap)
[INF] 	Raster - 0 ms
[INF] 	Output - 26 ms
[INF] 	Wait   - 15 ms
[INF] Total triangles: 12
[INF] 	Culled - 6
[INF] 	Drawn  - 6
[INF] Resolution: 552 x 164
[INF] Total frame time: 23 ms (of 41 for FPS cap)
[INF] 	Raster - 0 ms
[INF] 	Output - 23 ms
[INF] 	Wait   - 18 ms
[INF] Total triangles: 12
[INF] 	Culled - 6
[INF] 	Drawn  - 6
[INF] Resolution: 552 x 164
[INF] Total frame time: 27 ms (of 41 for FPS cap)
[INF] 	Raster - 0 ms
[INF] 	Output - 26 ms
[INF] 	Wait   - 14 ms
[INF] Total triangles: 12
[INF] 	Culled - 6
[INF] 	Drawn  - 6
[INF] Resolution: 552 x 164
[INF] Total frame time: 15 ms (of 41 for FPS cap)
[INF] 	Raster - 0 ms
[INF] 	Output - 15 ms
[INF] 	Wait   - 26 ms
[INF] Total triangles: 12
[INF] 	Culled - 6
[INF] 	Drawn  - 6
[INF] Resolution: 552 x 164
[INF] Total frame time: 18 ms (of 41 for FPS cap)
[INF] 	Raster - 0 ms
[INF] 	Output - 17 ms
[INF] 	Wait   - 23 ms
[INF] Total triangles: 12
[INF] 	Culled - 6
[INF] 	Drawn  - 6
[INF] Resolution: 552 x 164
[INF] Total frame time: 29 ms (of 41 for FPS cap)
[INF] 	Raster - 1 ms
[INF] 	Output - 28 ms
[INF] 	Wait   - 12 ms
[INF] Total triangles: 12
[INF] 	Culled - 6
[INF] 	Drawn  - 6
[INF] Resolution: 552 x 164
[INF] Total frame time: 17 ms (of 41 for FPS cap)
[INF] 	Raster - 0 ms
[INF] 	Output - 17 ms
[INF] 	Wait   - 24 ms
[INF] Total triangles: 12
[INF] 	Culled - 6
[INF] 	Drawn  - 6
[INF] Resolution: 552 x 164
[INF] Total frame time: 24 ms (of 41 for FPS cap)
[INF] 	Raster - 0 ms
[INF] 	Output - 23 ms
[INF] 	Wait   - 17 ms
[INF] Total triangles: 12
[INF] 	Culled - 8
[INF] 	Drawn  - 4
[INF] Resolution: 552 x 164
[INF] Total frame time: 27 ms (of 41 for FPS cap)
[INF] 	Raster - 0 ms
[INF] 	Output - 27 ms
[INF] 	Wait   - 14 ms
[INF] Total triangles: 12
[INF] 	Culled - 8
[INF] 	Drawn  - 4
[INF] Resolution: 552 x 164
[INF] Total frame time: 18 ms (of 41 for FPS cap)
[INF] 	Raster - 0 ms
[INF] 	Output - 18 ms
[INF] 	Wait   - 23 ms
[INF] Total triangles: 12
[INF] 	Culled - 8
[INF] 	Drawn  - 4
[INF] Resolution: 552 x 164
[INF] Total frame time: 25 ms (of 41 for FPS cap)
[INF] 	Raster - 0 ms
[INF] 	Output - 24 ms
[INF] 	Wait   - 16 ms
[INF] Total triangles: 12
[INF] 	Culled - 8
[INF] 	Drawn  - 4
[INF] Resolution: 552 x 164
[INF] Total frame time: 21 ms (of 41 for FPS cap)
[INF] 	Raster - 0 ms
[INF] 	Output - 21 ms
[INF] 	Wait   - 20 ms
[INF] Total triangles: 12
[INF] 	Culled - 8
[INF] 	Drawn  - 4
[INF] Resolution: 552 x 164
[INF] Total frame time: 23 ms (of 41 for FPS cap)
[INF] 	Raster - 0 ms
[INF] 	Output - 22 ms
[INF] 	Wait   - 18 ms
[INF] Total triangles: 12
[INF] 	Culled - 8
[INF] 	Drawn  - 4
[INF] Resolution: 552 x 164
[INF] Total frame time: 24 ms (of 41 for FPS cap)
[INF] 	Raster - 0 ms
[INF] 	Output - 23 ms
[INF] 	Wait   - 17 ms
[INF] Total triangles: 12
[INF] 	Culled - 8
[INF] 	Drawn  - 4
[INF] Resolution: 552 x 164
[INF] Total frame time: 20 ms (of 41 for FPS cap)
[INF] 	Raster - 0 ms
[INF] 	Output - 20 ms
[INF] 	Wait   - 21 ms
[INF] Total triangles: 12
[INF] 	Culled - 10
[INF] 	Drawn  - 2
[INF] Resolution: 552 x 164
[INF] Total frame time: 24 ms (of 41 for FPS cap)
[INF] 	Raster - 0 ms
[INF] 	Output - 23 ms
[INF] 	Wait   - 17 ms
[INF] Total triangles: 12
[INF] 	Culled - 10
[INF] 	Drawn  - 2
[INF] Resolution: 552 x 164
[INF] Total frame time: 18 ms (of 41 for FPS cap)
[INF] 	Raster - 0 ms
[INF] 	Output - 18 ms
[INF] 	Wait   - 23 ms
[INF] Total triangles: 12
[INF] 	Culled - 10
[INF] 	Drawn  - 2
[INF] Resolution: 552 x 164
[INF] Total frame time: 24 ms (of 41 for FPS cap)
[INF] 	Raster - 0 ms
[INF] 	Output - 24 ms
[INF] 	Wait   - 17 ms
[INF] Total triangles: 12
[INF] 	Culled - 10
[INF] 	Drawn  - 2
[INF] Resolution: 552 x 164
[INF] Total frame time: 28 ms (of 41 for FPS cap)
[INF] 	Raster - 0 ms
[INF] 	Output - 27 ms
[INF] 	Wait   - 13 ms
[INF] Total triangles: 12
[INF] 	Culled - 10
[INF] 	Drawn  - 2
[INF] Resolution: 552 x 164
[INF] Total frame time: 18 ms (of 41 for FPS cap)
[INF] 	Raster - 0 ms
[INF] 	Output - 18 ms
[INF] 	Wait   - 23 ms
[INF] Total triangles: 12
[INF] 	Culled - 10
[INF] 	Drawn  - 2
[INF] Resolution: 552 x 164
[INF] Total frame time: 25 ms (of 41 for FPS cap)
[INF] 	Raster - 0 ms
[INF] 	Output - 24 ms
[INF] 	Wait   - 16 ms
[INF] Total triangles: 12
[INF] 	Culled - 10
[INF] 	Drawn  - 2
[INF] Resolution: 552 x 164
[INF] Total frame time: 23 ms (of 41 for FPS cap)
[INF] 	Raster - 0 ms
[INF] 	Output - 22 ms
[INF] 	Wait   - 18 ms
[INF] Total triangles: 12
[INF] 	Culled - 10
[INF] 	Drawn  - 2
[INF] Resolution: 552 x 164
[INF] Total frame time: 26 ms (of 41 for FPS cap)
[INF] 	Raster - 0 ms
[INF] 	Output - 25 ms
[INF] 	Wait   - 15 ms
[INF] Total triangles: 12
[INF] 	Culled - 10
[INF] 	Drawn  - 2
[INF] Resolution: 552 x 164
[INF] Total frame time: 22 ms (of 41 for FPS cap)
[INF] 	Raster - 0 ms
[INF] 	Output - 21 ms
[INF] 	Wait   - 19 ms
[INF] Total triangles: 12
[INF] 	Culled - 10
[INF] 	Drawn  - 2
[INF] Resolution: 552 x 164
[INF] Total frame time: 26 ms (of 41 for FPS cap)
[INF] 	Raster - 0 ms
[INF] 	Output - 25 ms
[INF] 	Wait   - 15 ms
[INF] Total triangles: 12
[INF] 	Culled - 10
[INF] 	Drawn  - 2
[INF] Resolution: 552 x 164
[INF] Total frame time: 24 ms (of 41 for FPS cap)
[INF] 	Raster - 0 ms
[INF] 	Output - 23 ms
[INF] 	Wait   - 17 ms
[INF] Total triangles: 12
[INF] 	Culled - 10
[INF] 	Drawn  - 2
[INF] Exit key pressed, exiting.
